# JRE version: OpenJDK Runtime Environment (15.0.2+7) (build 15.0.2+7-27)
# Java VM: OpenJDK 64-Bit Server VM (15.0.2+7-27, mixed mode, sharing, tiered, compressed oops, g1 gc, windows-amd64)
GC Precious Log:
 CPUs: 8 total, 8 available
 Memory: 8142M
 Large Page Support: Disabled
 NUMA Support: Disabled
 Compressed Oops: Enabled (32-bit)
 Heap Region Size: 1M
 Heap Min Capacity: 8M
 Heap Initial Capacity: 128M
 Heap Max Capacity: 2036M
 Pre-touch: Disabled
 Parallel Workers: 8
 Concurrent Workers: 2
 Concurrent Refinement Workers: 8
 Periodic GC: Disabled
Heap:
 garbage-first heap   total 131072K, used 12049K [0x0000000080c00000, 0x0000000100000000)
  region size 1024K, 5 young (5120K), 5 survivors (5120K)
 Metaspace       used 17695K, capacity 18076K, committed 18304K, reserved 1069056K
  class space    used 2296K, capacity 2408K, committed 2432K, reserved 1048576K
GC Heap History (8 events):
Event: 1.118 GC heap before
{Heap before GC invocations=0 (full 0):
 garbage-first heap   total 131072K, used 24576K [0x0000000080c00000, 0x0000000100000000)
  region size 1024K, 23 young (23552K), 0 survivors (0K)
 Metaspace       used 6993K, capacity 7202K, committed 7296K, reserved 1056768K
  class space    used 830K, capacity 880K, committed 896K, reserved 1048576K
}
Event: 1.129 GC heap after
{Heap after GC invocations=1 (full 0):
 garbage-first heap   total 131072K, used 7723K [0x0000000080c00000, 0x0000000100000000)
  region size 1024K, 3 young (3072K), 3 survivors (3072K)
 Metaspace       used 6993K, capacity 7202K, committed 7296K, reserved 1056768K
  class space    used 830K, capacity 880K, committed 896K, reserved 1048576K
}
Event: 1.142 GC heap before
{Heap before GC invocations=1 (full 0):
 garbage-first heap   total 131072K, used 32299K [0x0000000080c00000, 0x0000000100000000)
  region size 1024K, 28 young (28672K), 3 survivors (3072K)
 Metaspace       used 7128K, capacity 7365K, committed 7680K, reserved 1056768K
  class space    used 850K, capacity 913K, committed 1024K, reserved 1048576K
}
Event: 1.148 GC heap after
{Heap after GC invocations=2 (full 0):
 garbage-first heap   total 131072K, used 8081K [0x0000000080c00000, 0x0000000100000000)
  region size 1024K, 1 young (1024K), 1 survivors (1024K)
 Metaspace       used 7128K, capacity 7365K, committed 7680K, reserved 1056768K
  class space    used 850K, capacity 913K, committed 1024K, reserved 1048576K
}
Event: 2.034 GC heap before
{Heap before GC invocations=2 (full 0):
 garbage-first heap   total 131072K, used 83857K [0x0000000080c00000, 0x0000000100000000)
  region size 1024K, 76 young (77824K), 1 survivors (1024K)
 Metaspace       used 15905K, capacity 16232K, committed 16256K, reserved 1062912K
  class space    used 2059K, capacity 2164K, committed 2176K, reserved 1048576K
}
Event: 2.040 GC heap after
{Heap after GC invocations=3 (full 0):
 garbage-first heap   total 131072K, used 10776K [0x0000000080c00000, 0x0000000100000000)
  region size 1024K, 3 young (3072K), 3 survivors (3072K)
 Metaspace       used 15905K, capacity 16232K, committed 16256K, reserved 1062912K
  class space    used 2059K, capacity 2164K, committed 2176K, reserved 1048576K
}
Event: 2.556 GC heap before
{Heap before GC invocations=3 (full 0):
 garbage-first heap   total 131072K, used 48664K [0x0000000080c00000, 0x0000000100000000)
  region size 1024K, 42 young (43008K), 3 survivors (3072K)
 Metaspace       used 17695K, capacity 18076K, committed 18304K, reserved 1069056K
  class space    used 2296K, capacity 2408K, committed 2432K, reserved 1048576K
}
Event: 2.562 GC heap after
{Heap after GC invocations=4 (full 0):
 garbage-first heap   total 131072K, used 12049K [0x0000000080c00000, 0x0000000100000000)
  region size 1024K, 5 young (5120K), 5 survivors (5120K)
 Metaspace       used 17695K, capacity 18076K, committed 18304K, reserved 1069056K
  class space    used 2296K, capacity 2408K, committed 2432K, reserved 1048576K
}

